c:\users\yy\source\loader\loader\x64\release\vc143.pdb
c:\users\yy\source\loader\loader\x64\release\loader.obj
c:\users\yy\source\loader\loader\x64\release\syscalls.obj
c:\users\yy\source\loader\x64\release\loader.exe
c:\users\yy\source\loader\x64\release\loader.pdb
c:\users\yy\source\loader\loader\x64\release\syscalls-asm.x64.obj
c:\users\yy\source\loader\loader\x64\release\loader.res
c:\users\yy\source\loader\loader\x64\release\loader.ipdb
c:\users\yy\source\loader\loader\x64\release\loader.iobj
c:\users\yy\source\loader\loader\x64\release\loader.tlog\cl.command.1.tlog
c:\users\yy\source\loader\loader\x64\release\loader.tlog\cl.items.tlog
c:\users\yy\source\loader\loader\x64\release\loader.tlog\cl.read.1.tlog
c:\users\yy\source\loader\loader\x64\release\loader.tlog\cl.write.1.tlog
c:\users\yy\source\loader\loader\x64\release\loader.tlog\link.command.1.tlog
c:\users\yy\source\loader\loader\x64\release\loader.tlog\link.read.1.tlog
c:\users\yy\source\loader\loader\x64\release\loader.tlog\link.secondary.1.tlog
c:\users\yy\source\loader\loader\x64\release\loader.tlog\link.write.1.tlog
c:\users\yy\source\loader\loader\x64\release\loader.tlog\masm.read.1u.tlog
c:\users\yy\source\loader\loader\x64\release\loader.tlog\masm.write.1u.tlog
c:\users\yy\source\loader\loader\x64\release\loader.tlog\rc.command.1.tlog
c:\users\yy\source\loader\loader\x64\release\loader.tlog\rc.read.1.tlog
c:\users\yy\source\loader\loader\x64\release\loader.tlog\rc.write.1.tlog
